TN:
SF:src/router.js
FN:7,(anonymous_0)
FN:9,(anonymous_1)
FN:10,(anonymous_2)
FN:15,(anonymous_3)
FN:19,(anonymous_4)
FN:22,(anonymous_5)
FNF:6
FNH:6
FNDA:7,(anonymous_0)
FNDA:1,(anonymous_1)
FNDA:1,(anonymous_2)
FNDA:1,(anonymous_3)
FNDA:3,(anonymous_4)
FNDA:1,(anonymous_5)
DA:4,7
DA:8,7
DA:9,7
DA:10,1
DA:16,1
DA:20,3
DA:21,3
DA:22,3
DA:23,1
DA:28,4
DA:31,1
DA:35,4
LF:12
LH:12
BRDA:7,0,0,4
BRF:1
BRH:1
end_of_record
TN:
SF:src/components/place-order.component.js
FN:16,(anonymous_0)
FN:21,(anonymous_1)
FN:29,(anonymous_2)
FN:31,(anonymous_3)
FN:36,(anonymous_4)
FN:37,(anonymous_5)
FN:40,(anonymous_6)
FN:41,(anonymous_7)
FN:45,(anonymous_8)
FN:47,(anonymous_9)
FN:48,(anonymous_10)
FN:57,(anonymous_11)
FNF:12
FNH:12
FNDA:2,(anonymous_0)
FNDA:2,(anonymous_1)
FNDA:6,(anonymous_2)
FNDA:5,(anonymous_3)
FNDA:6,(anonymous_4)
FNDA:5,(anonymous_5)
FNDA:1,(anonymous_6)
FNDA:1,(anonymous_7)
FNDA:1,(anonymous_8)
FNDA:1,(anonymous_9)
FNDA:1,(anonymous_10)
FNDA:5,(anonymous_11)
DA:13,1
DA:17,2
DA:18,2
DA:22,2
DA:23,2
DA:24,1
DA:26,2
DA:30,6
DA:31,5
DA:37,6
DA:41,1
DA:42,1
DA:46,1
DA:47,1
DA:48,1
DA:49,1
DA:51,1
DA:52,1
DA:56,6
DA:57,5
DA:59,6
DA:60,6
DA:68,5
DA:69,5
DA:70,5
DA:71,5
DA:72,5
DA:74,5
DA:78,5
DA:82,5
DA:86,1
LF:31
LH:31
BRDA:23,0,0,1
BRDA:23,0,1,1
BRF:2
BRH:2
end_of_record
TN:
SF:src/components/place-order.template.js
FNF:0
FNH:0
DA:1,1
DA:2,1
DA:39,1
DA:40,1
LF:4
LH:4
BRF:0
BRH:0
end_of_record
TN:
SF:src/components/review-order.component.js
FN:21,(anonymous_0)
FN:24,(anonymous_1)
FN:29,(anonymous_2)
FN:35,(anonymous_3)
FN:46,(anonymous_4)
FN:50,(anonymous_5)
FN:55,(anonymous_6)
FN:59,(anonymous_7)
FN:60,(anonymous_8)
FN:63,(anonymous_9)
FN:94,(anonymous_10)
FNF:11
FNH:11
FNDA:9,(anonymous_0)
FNDA:3,(anonymous_1)
FNDA:6,(anonymous_2)
FNDA:3,(anonymous_3)
FNDA:1,(anonymous_4)
FNDA:1,(anonymous_5)
FNDA:2,(anonymous_6)
FNDA:21,(anonymous_7)
FNDA:21,(anonymous_8)
FNDA:6,(anonymous_9)
FNDA:9,(anonymous_10)
DA:12,6
DA:22,9
DA:25,3
DA:26,3
DA:30,6
DA:31,6
DA:36,3
DA:37,3
DA:38,2
DA:39,2
DA:41,1
DA:42,1
DA:47,1
DA:51,1
DA:52,1
DA:56,2
DA:60,21
DA:64,6
DA:65,5
DA:66,5
DA:67,5
DA:68,5
DA:72,5
DA:76,5
DA:78,1
DA:83,9
DA:84,9
DA:85,9
DA:86,9
DA:87,9
DA:89,9
DA:93,9
DA:95,9
DA:96,9
DA:98,9
DA:99,9
DA:100,9
DA:101,9
DA:104,9
DA:110,1
LF:40
LH:40
BRDA:37,0,0,2
BRDA:37,0,1,1
BRDA:37,1,0,3
BRDA:37,1,1,2
BRDA:64,2,0,5
BRDA:64,2,1,1
BRDA:88,3,0,9
BRDA:88,3,1,7
BRF:8
BRH:8
end_of_record
TN:
SF:src/components/review-order.template.js
FNF:0
FNH:0
DA:1,1
DA:2,1
DA:54,1
DA:55,1
LF:4
LH:4
BRF:0
BRH:0
end_of_record
TN:
SF:src/components/robo.component.js
FN:14,(anonymous_0)
FN:19,(anonymous_1)
FN:26,(anonymous_2)
FN:37,cloneTemplate
FNF:4
FNH:4
FNDA:25,(anonymous_0)
FNDA:145,(anonymous_1)
FNDA:8,(anonymous_2)
FNDA:24,cloneTemplate
DA:2,11
DA:15,25
DA:16,25
DA:20,145
DA:23,25
DA:27,8
DA:38,24
LF:7
LH:7
BRF:0
BRH:0
end_of_record
TN:
SF:src/components/robobar.component.js
FN:23,(anonymous_0)
FN:26,(anonymous_1)
FN:33,(anonymous_2)
FN:37,(anonymous_3)
FNF:4
FNH:4
FNDA:3,(anonymous_0)
FNDA:3,(anonymous_1)
FNDA:3,(anonymous_2)
FNDA:6,(anonymous_3)
DA:4,1
DA:5,1
DA:24,3
DA:25,3
DA:26,3
DA:27,3
DA:28,3
DA:30,3
DA:34,3
DA:38,6
DA:39,3
DA:41,3
DA:42,3
DA:44,1
DA:45,1
DA:47,1
DA:48,1
DA:50,1
DA:51,1
DA:56,1
LF:20
LH:20
BRDA:38,0,0,3
BRDA:38,0,1,3
BRDA:42,1,0,1
BRDA:42,1,1,1
BRDA:42,1,2,1
BRF:5
BRH:5
end_of_record
TN:
SF:src/components/success.component.js
FN:19,(anonymous_0)
FNF:1
FNH:1
FNDA:1,(anonymous_0)
DA:5,1
DA:6,1
DA:20,1
DA:21,1
DA:27,1
LF:5
LH:5
BRF:0
BRH:0
end_of_record
TN:
SF:src/pipes/currency.pipe.js
FN:5,currency
FNF:1
FNH:1
FNDA:30,currency
DA:6,30
LF:1
LH:1
BRF:0
BRH:0
end_of_record
TN:
SF:src/pipes/drinks-summary.pipe.js
FN:5,drinksSummary
FN:7,(anonymous_1)
FNF:2
FNH:2
FNDA:12,drinksSummary
FNDA:12,(anonymous_1)
DA:6,12
DA:7,12
DA:10,12
LF:3
LH:3
BRDA:10,0,0,10
BRDA:10,0,1,2
BRF:2
BRH:2
end_of_record
TN:
SF:src/services/drink.service.js
FN:6,(anonymous_0)
FNF:1
FNH:1
FNDA:1,(anonymous_0)
DA:7,1
DA:8,1
DA:12,2
LF:3
LH:3
BRF:0
BRH:0
end_of_record
TN:
SF:src/services/order.service.js
FN:8,(anonymous_0)
FN:15,(anonymous_1)
FN:26,(anonymous_2)
FN:31,(anonymous_3)
FNF:4
FNH:4
FNDA:6,(anonymous_0)
FNDA:2,(anonymous_1)
FNDA:4,(anonymous_2)
FNDA:3,(anonymous_3)
DA:9,6
DA:16,2
DA:17,1
DA:21,2
DA:27,4
DA:28,4
DA:32,3
DA:36,4
LF:8
LH:8
BRDA:16,0,0,1
BRDA:16,0,1,1
BRDA:16,1,0,2
BRDA:16,1,1,2
BRF:4
BRH:4
end_of_record
